#
# There is insufficient memory for the Java Runtime Environment to continue.
# Native memory allocation (mmap) failed to map 134217728 bytes for Failed to commit area from 0x0000000081c00000 to 0x0000000089c00000 of length 134217728.
# Possible reasons:
#   The system is out of physical RAM or swap space
#   The process is running with CompressedOops enabled, and the Java Heap may be blocking the growth of the native heap
# Possible solutions:
#   Reduce memory load on the system
#   Increase physical memory or swap space
#   Check if swap backing store is full
#   Decrease Java heap size (-Xmx/-Xms)
#   Decrease number of Java threads
#   Decrease Java thread stack sizes (-Xss)
#   Set larger code cache with -XX:ReservedCodeCacheSize=
# This output file may be truncated or incomplete.
#
#  Out of Memory Error (t:/workspace/open/src/hotspot/os/windows/os_windows.cpp:3301), pid=35112, tid=24080
#
# JRE version:  (13.0.2+8) (build )
# Java VM: OpenJDK 64-Bit Server VM (13.0.2+8, mixed mode, aot, sharing, tiered, compressed oops, g1 gc, windows-amd64)
# No core dump will be written. Minidumps are not enabled by default on client versions of Windows
#

---------------  S U M M A R Y ------------

Command Line: -Dfile.encoding=Cp1252 cottrell_problem1.CAI5

Host: Intel(R) Core(TM) i5-8250U CPU @ 1.60GHz, 8 cores, 7G,  Windows 10 , 64 bit Build 18362 (10.0.18362.329)
Time: Sun Feb 23 22:40:45 2020 Eastern Standard Time elapsed time: 0 seconds (0d 0h 0m 0s)

---------------  T H R E A D  ---------------

Current thread (0x00000138e321b000):  JavaThread "Unknown thread" [_thread_in_vm, id=24080, stack(0x0000000b21d00000,0x0000000b21e00000)]

Stack: [0x0000000b21d00000,0x0000000b21e00000]
Native frames: (J=compiled Java code, j=interpreted, Vv=VM code, C=native code)
V  [jvm.dll+0x624f9a]
V  [jvm.dll+0x770cfa]
V  [jvm.dll+0x7724af]
V  [jvm.dll+0x772ab3]
V  [jvm.dll+0x24bf08]
V  [jvm.dll+0x6222aa]
V  [jvm.dll+0x6170b5]
V  [jvm.dll+0x30a88c]
V  [jvm.dll+0x30a6c2]
V  [jvm.dll+0x30fe36]
V  [jvm.dll+0x353f46]
V  [jvm.dll+0x353720]
V  [jvm.dll+0x2e550a]
V  [jvm.dll+0x2e67a2]
V  [jvm.dll+0x74dd78]
V  [jvm.dll+0x361989]
V  [jvm.dll+0x730e65]
V  [jvm.dll+0x3cc53f]
V  [jvm.dll+0x3ce861]
C  [jli.dll+0x51ff]
C  [ucrtbase.dll+0x20e72]
C  [KERNEL32.DLL+0x17bd4]
C  [ntdll.dll+0x6ced1]


---------------  P R O C E S S  ---------------

Threads class SMR info:
_java_thread_list=0x00007ffcdce1ccb8, length=0, elements={
}

Java Threads: ( => current thread )

Other Threads:
  0x00000138e325d800 GCTaskThread "GC Thread#0" [stack: 0x0000000b21e00000,0x0000000b21f00000] [id=25300]
  0x00000138e326f800 ConcurrentGCThread "G1 Main Marker" [stack: 0x0000000b21f00000,0x0000000b22000000] [id=26604]
  0x00000138e3271000 ConcurrentGCThread "G1 Conc#0" [stack: 0x0000000b22000000,0x0000000b22100000] [id=6532]

[error occurred during error reporting (printing all threads), id 0xc0000005, EXCEPTION_ACCESS_VIOLATION (0xc0000005) at pc=0x00007ffcdc6551d7]

VM state:not at safepoint (not fully initialized)

VM Mutex/Monitor currently owned by a thread:  ([mutex/lock_event])
[0x00000138e32169b0] Heap_lock - owner thread: 0x00000138e321b000

Heap address: 0x0000000081c00000, size: 2020 MB, Compressed Oops mode: Non-zero based: 0x0000000081c00000
Narrow klass base: 0x0000000000000000, Narrow klass shift: 0

GC Heap History (0 events):
No events

Deoptimization events (0 events):
No events

Classes unloaded (0 events):
No events

Classes redefined (0 events):
No events

Internal exceptions (0 events):
No events

Events (8 events):
Event: 0.031 Loaded shared library C:\jdk-13.0.2\bin\zip.dll
Event: 0.033 Loaded shared library C:\jdk-13.0.2\bin\jimage.dll
Event: 0.037 Loading shared library C:\jdk-13.0.2\lib\libjava.base-coop.dll failed, error code 126
Event: 0.038 Loading shared library C:\jdk-13.0.2\lib\libjava.logging-coop.dll failed, error code 126
Event: 0.038 Loading shared library C:\jdk-13.0.2\lib\libjdk.compiler-coop.dll failed, error code 126
Event: 0.038 Loading shared library C:\jdk-13.0.2\lib\libjdk.scripting.nashorn-coop.dll failed, error code 126
Event: 0.038 Loading shared library C:\jdk-13.0.2\lib\libjdk.internal.vm.ci-coop.dll failed, error code 126
Event: 0.038 Loading shared library C:\jdk-13.0.2\lib\libjdk.internal.vm.compiler-coop.dll failed, error code 126


Dynamic libraries:
0x00007ff611ee0000 - 0x00007ff611eed000 	C:\jdk-13.0.2\bin\javaw.exe
0x00007ffd46d40000 - 0x00007ffd46f30000 	C:\WINDOWS\SYSTEM32\ntdll.dll
0x00007ffd467b0000 - 0x00007ffd46862000 	C:\WINDOWS\System32\KERNEL32.DLL
0x00007ffd44b40000 - 0x00007ffd44de3000 	C:\WINDOWS\System32\KERNELBASE.dll
0x00007ffd44740000 - 0x00007ffd4483a000 	C:\WINDOWS\System32\ucrtbase.dll
0x00007ffd3d340000 - 0x00007ffd3d358000 	C:\jdk-13.0.2\bin\jli.dll
0x00007ffd3c740000 - 0x00007ffd3c755000 	C:\jdk-13.0.2\bin\VCRUNTIME140.dll
0x00007ffd45560000 - 0x00007ffd456f4000 	C:\WINDOWS\System32\USER32.dll
0x00007ffd44640000 - 0x00007ffd44661000 	C:\WINDOWS\System32\win32u.dll
0x00007ffd30230000 - 0x00007ffd304b5000 	C:\WINDOWS\WinSxS\amd64_microsoft.windows.common-controls_6595b64144ccf1df_6.0.18362.657_none_e6c5b579130e3898\COMCTL32.dll
0x00007ffd45de0000 - 0x00007ffd45e06000 	C:\WINDOWS\System32\GDI32.dll
0x00007ffd46870000 - 0x00007ffd4690e000 	C:\WINDOWS\System32\msvcrt.dll
0x00007ffd43cd0000 - 0x00007ffd43e64000 	C:\WINDOWS\System32\gdi32full.dll
0x00007ffd448a0000 - 0x00007ffd4493e000 	C:\WINDOWS\System32\msvcp_win.dll
0x00007ffd45a90000 - 0x00007ffd45dc6000 	C:\WINDOWS\System32\combase.dll
0x00007ffd46460000 - 0x00007ffd46580000 	C:\WINDOWS\System32\RPCRT4.dll
0x00007ffd44670000 - 0x00007ffd446f0000 	C:\WINDOWS\System32\bcryptPrimitives.dll
0x00007ffd46910000 - 0x00007ffd4693e000 	C:\WINDOWS\System32\IMM32.DLL
0x00007ffd2ef70000 - 0x00007ffd2f00b000 	C:\jdk-13.0.2\bin\msvcp140.dll
0x00007ffcdc360000 - 0x00007ffcdcebd000 	C:\jdk-13.0.2\bin\server\jvm.dll
0x00007ffd46be0000 - 0x00007ffd46c83000 	C:\WINDOWS\System32\ADVAPI32.dll
0x00007ffd46ae0000 - 0x00007ffd46b77000 	C:\WINDOWS\System32\sechost.dll
0x00007ffd45dd0000 - 0x00007ffd45dd8000 	C:\WINDOWS\System32\PSAPI.DLL
0x00007ffd34260000 - 0x00007ffd34284000 	C:\WINDOWS\SYSTEM32\WINMM.dll
0x00007ffd31b90000 - 0x00007ffd31b9a000 	C:\WINDOWS\SYSTEM32\VERSION.dll
0x00007ffd333c0000 - 0x00007ffd333c9000 	C:\WINDOWS\SYSTEM32\WSOCK32.dll
0x00007ffd46580000 - 0x00007ffd465ef000 	C:\WINDOWS\System32\WS2_32.dll
0x00007ffd34230000 - 0x00007ffd3425d000 	C:\WINDOWS\SYSTEM32\winmmbase.dll
0x00007ffd43e70000 - 0x00007ffd43eba000 	C:\WINDOWS\System32\cfgmgr32.dll
0x00007ffd43c90000 - 0x00007ffd43ca1000 	C:\WINDOWS\System32\kernel.appcore.dll
0x00007ffd3ced0000 - 0x00007ffd3cee0000 	C:\jdk-13.0.2\bin\verify.dll
0x00007ffd423e0000 - 0x00007ffd425d4000 	C:\WINDOWS\SYSTEM32\DBGHELP.DLL
0x00007ffd3c500000 - 0x00007ffd3c52a000 	C:\WINDOWS\SYSTEM32\dbgcore.DLL
0x00007ffd24680000 - 0x00007ffd246a6000 	C:\jdk-13.0.2\bin\java.dll
0x00007ffd32280000 - 0x00007ffd32297000 	C:\jdk-13.0.2\bin\zip.dll
0x00007ffd3be10000 - 0x00007ffd3be1a000 	C:\jdk-13.0.2\bin\jimage.dll

dbghelp: loaded successfully - version: 4.0.5 - missing functions: none
symbol engine: initialized successfully - sym options: 0x614 - pdb path: .;C:\jdk-13.0.2\bin;C:\WINDOWS\SYSTEM32;C:\WINDOWS\WinSxS\amd64_microsoft.windows.common-controls_6595b64144ccf1df_6.0.18362.657_none_e6c5b579130e3898;C:\jdk-13.0.2\bin\server

VM Arguments:
jvm_args: -Dfile.encoding=Cp1252 
java_command: cottrell_problem1.CAI5
java_class_path (initial): C:\Users\sydne\eclipse-workspace\cottrell_problem1\bin
Launcher Type: SUN_STANDARD

[Global flags]
     intx CICompilerCount                          = 4                                         {product} {ergonomic}
     uint ConcGCThreads                            = 2                                         {product} {ergonomic}
     uint G1ConcRefinementThreads                  = 8                                         {product} {ergonomic}
   size_t G1HeapRegionSize                         = 1048576                                   {product} {ergonomic}
    uintx GCDrainStackTargetSize                   = 64                                        {product} {ergonomic}
   size_t InitialHeapSize                          = 134217728                                 {product} {ergonomic}
   size_t MarkStackSize                            = 4194304                                   {product} {ergonomic}
   size_t MaxHeapSize                              = 2118123520                                {product} {ergonomic}
   size_t MinHeapDeltaBytes                        = 1048576                                   {product} {ergonomic}
   size_t MinHeapSize                              = 8388608                                   {product} {ergonomic}
    uintx NonNMethodCodeHeapSize                   = 5839372                                {pd product} {ergonomic}
    uintx NonProfiledCodeHeapSize                  = 122909434                              {pd product} {ergonomic}
    uintx ProfiledCodeHeapSize                     = 122909434                              {pd product} {ergonomic}
    uintx ReservedCodeCacheSize                    = 251658240                              {pd product} {ergonomic}
     bool SegmentedCodeCache                       = true                                      {product} {ergonomic}
   size_t SoftMaxHeapSize                          = 2118123520                             {manageable} {ergonomic}
     bool UseCompressedClassPointers               = true                                 {lp64_product} {ergonomic}
     bool UseCompressedOops                        = true                                 {lp64_product} {ergonomic}
     bool UseG1GC                                  = true                                      {product} {ergonomic}
     bool UseLargePagesIndividualAllocation        = false                                  {pd product} {ergonomic}

Logging:
Log output configuration:
 #0: stdout all=warning uptime,level,tags
 #1: stderr all=off uptime,level,tags

Environment Variables:
PATH=C:/jdk-13.0.2/bin/server;C:/jdk-13.0.2/bin;C:\WINDOWS\system32;C:\WINDOWS;C:\WINDOWS\System32\Wbem;C:\WINDOWS\System32\WindowsPowerShell\v1.0\;C:\WINDOWS\System32\OpenSSH\;C:\Program Files (x86)\Intel\Intel(R) Management Engine Components\DAL;C:\Program Files\Intel\Intel(R) Management Engine Components\DAL;C:\Program Files (x86)\Intel\Intel(R) Management Engine Components\IPT;C:\Program Files\Intel\Intel(R) Management Engine Components\IPT;C:\Program Files\Intel\WiFi\bin\;C:\Program Files\Common Files\Intel\WirelessCommon\;C:\Program Files (x86)\Brackets\command;C:\Users\sydne\OneDrive\development\jdk-13.0.1;C:\jdk-13.0.2\bin;C:\Users\sydne\OneDrive\development\Git\cmd;C:\Program Files\MySQL\MySQL Shell 8.0\bin\;%USERPROFILE%\AppData\Local\Microsoft\WindowsApps;;C:\WINDOWS\system32;
USERNAME=sydne
OS=Windows_NT
PROCESSOR_IDENTIFIER=Intel64 Family 6 Model 142 Stepping 10, GenuineIntel



---------------  S Y S T E M  ---------------

OS: Windows 10 , 64 bit Build 18362 (10.0.18362.329)

CPU:total 8 (initial active 8) (4 cores per cpu, 2 threads per core) family 6 model 142 stepping 10, cmov, cx8, fxsr, mmx, sse, sse2, sse3, ssse3, sse4.1, sse4.2, popcnt, avx, avx2, aes, clmul, erms, 3dnowpref, lzcnt, ht, tsc, tscinvbit, bmi1, bmi2, adx, fma

Memory: 4k page, system-wide physical 8076M (2238M free)
TotalPageFile size 32652M (AvailPageFile size 12M)
current process WorkingSet (physical memory assigned to process): 10M, peak: 10M
current process commit charge ("private bytes"): 60M, peak: 188M

vm_info: OpenJDK 64-Bit Server VM (13.0.2+8) for windows-amd64 JRE (13.0.2+8), built on Dec 11 2019 09:20:05 by "mach5one" with unknown MS VC++:1916

END.
